# JRE version: 7.0_25-b30
# Java VM: OpenJDK Server VM (23.7-b01 mixed mode linux-x86 )
Heap
 PSYoungGen      total 458752K, used 417792K [0x8a200000, 0xaa200000, 0xaa200000)
  eden space 393216K, 100% used [0x8a200000,0xa2200000,0xa2200000)
  from space 65536K, 37% used [0xa2200000,0xa3a00198,0xa6200000)
  to   space 65536K, 49% used [0xa6200000,0xa81faf00,0xaa200000)
 ParOldGen       total 1048576K, used 72K [0x4a200000, 0x8a200000, 0x8a200000)
  object space 1048576K, 0% used [0x4a200000,0x4a212010,0x8a200000)
 PSPermGen       total 24320K, used 24257K [0x32200000, 0x339c0000, 0x4a200000)
  object space 24320K, 99% used [0x32200000,0x339b0578,0x339c0000)
GC Heap History (3 events):
Event: 28.271 GC heap before
{Heap before GC invocations=1 (full 0):
 PSYoungGen      total 458752K, used 393216K [0x8a200000, 0xaa200000, 0xaa200000)
  eden space 393216K, 100% used [0x8a200000,0xa2200000,0xa2200000)
  from space 65536K, 0% used [0xa6200000,0xa6200000,0xaa200000)
  to   space 65536K, 0% used [0xa2200000,0xa2200000,0xa6200000)
 ParOldGen       total 1048576K, used 0K [0x4a200000, 0x8a200000, 0x8a200000)
  object space 1048576K, 0% used [0x4a200000,0x4a200000,0x8a200000)
 PSPermGen       total 20096K, used 20048K [0x32200000, 0x335a0000, 0x4a200000)
  object space 20096K, 99% used [0x32200000,0x335941a8,0x335a0000)
Event: 28.404 GC heap after
Heap after GC invocations=1 (full 0):
 PSYoungGen      total 458752K, used 24576K [0x8a200000, 0xaa200000, 0xaa200000)
  eden space 393216K, 0% used [0x8a200000,0x8a200000,0xa2200000)
  from space 65536K, 37% used [0xa2200000,0xa3a00198,0xa6200000)
  to   space 65536K, 0% used [0xa6200000,0xa6200000,0xaa200000)
 ParOldGen       total 1048576K, used 68K [0x4a200000, 0x8a200000, 0x8a200000)
  object space 1048576K, 0% used [0x4a200000,0x4a211010,0x8a200000)
 PSPermGen       total 20096K, used 20048K [0x32200000, 0x335a0000, 0x4a200000)
  object space 20096K, 99% used [0x32200000,0x335941a8,0x335a0000)
}
Event: 40.319 GC heap before
{Heap before GC invocations=2 (full 0):
 PSYoungGen      total 458752K, used 417792K [0x8a200000, 0xaa200000, 0xaa200000)
  eden space 393216K, 100% used [0x8a200000,0xa2200000,0xa2200000)
  from space 65536K, 37% used [0xa2200000,0xa3a00198,0xa6200000)
  to   space 65536K, 0% used [0xa6200000,0xa6200000,0xaa200000)
 ParOldGen       total 1048576K, used 68K [0x4a200000, 0x8a200000, 0x8a200000)
  object space 1048576K, 0% used [0x4a200000,0x4a211010,0x8a200000)
 PSPermGen       total 24320K, used 24257K [0x32200000, 0x339c0000, 0x4a200000)
  object space 24320K, 99% used [0x32200000,0x339b0578,0x339c0000)

