# JRE version: 7.0_25-b30
# Java VM: OpenJDK Server VM (23.7-b01 mixed mode linux-x86 )
Heap
 PSYoungGen      total 152896K, used 138181K [0x93300000, 0x9dda0000, 0xb3300000)
  eden space 131072K, 96% used [0x93300000,0x9af09b10,0x9b300000)
  from space 21824K, 51% used [0x9b300000,0x9bde7c08,0x9c850000)
  to   space 14144K, 0% used [0x9cfd0000,0x9cfd0000,0x9dda0000)
 ParOldGen       total 349568K, used 88K [0x53300000, 0x68860000, 0x93300000)
  object space 349568K, 0% used [0x53300000,0x53316010,0x68860000)
 PSPermGen       total 22016K, used 21991K [0x3b300000, 0x3c880000, 0x53300000)
  object space 22016K, 99% used [0x3b300000,0x3c879c20,0x3c880000)
GC Heap History (10 events):
Event: 10.443 GC heap before
{Heap before GC invocations=1 (full 0):
 PSYoungGen      total 152896K, used 131072K [0x93300000, 0x9dda0000, 0xb3300000)
  eden space 131072K, 100% used [0x93300000,0x9b300000,0x9b300000)
  from space 21824K, 0% used [0x9c850000,0x9c850000,0x9dda0000)
  to   space 21824K, 0% used [0x9b300000,0x9b300000,0x9c850000)
 ParOldGen       total 349568K, used 0K [0x53300000, 0x68860000, 0x93300000)
  object space 349568K, 0% used [0x53300000,0x53300000,0x68860000)
 PSPermGen       total 16384K, used 12859K [0x3b300000, 0x3c300000, 0x53300000)
  object space 16384K, 78% used [0x3b300000,0x3bf8ee30,0x3c300000)
Event: 10.481 GC heap after
Heap after GC invocations=1 (full 0):
 PSYoungGen      total 152896K, used 10372K [0x93300000, 0x9dda0000, 0xb3300000)
  eden space 131072K, 0% used [0x93300000,0x93300000,0x9b300000)
  from space 21824K, 47% used [0x9b300000,0x9bd213f8,0x9c850000)
  to   space 21824K, 0% used [0x9c850000,0x9c850000,0x9dda0000)
 ParOldGen       total 349568K, used 72K [0x53300000, 0x68860000, 0x93300000)
  object space 349568K, 0% used [0x53300000,0x53312010,0x68860000)
 PSPermGen       total 16384K, used 12859K [0x3b300000, 0x3c300000, 0x53300000)
  object space 16384K, 78% used [0x3b300000,0x3bf8ee30,0x3c300000)
}
Event: 23.531 GC heap before
{Heap before GC invocations=2 (full 0):
 PSYoungGen      total 152896K, used 141444K [0x93300000, 0x9dda0000, 0xb3300000)
  eden space 131072K, 100% used [0x93300000,0x9b300000,0x9b300000)
  from space 21824K, 47% used [0x9b300000,0x9bd213f8,0x9c850000)
  to   space 21824K, 0% used [0x9c850000,0x9c850000,0x9dda0000)
 ParOldGen       total 349568K, used 72K [0x53300000, 0x68860000, 0x93300000)
  object space 349568K, 0% used [0x53300000,0x53312010,0x68860000)
 PSPermGen       total 20992K, used 20982K [0x3b300000, 0x3c780000, 0x53300000)
  object space 20992K, 99% used [0x3b300000,0x3c77d938,0x3c780000)
Event: 23.590 GC heap after
Heap after GC invocations=2 (full 0):
 PSYoungGen      total 152896K, used 14631K [0x93300000, 0x9dda0000, 0xb3300000)
  eden space 131072K, 0% used [0x93300000,0x93300000,0x9b300000)
  from space 21824K, 67% used [0x9c850000,0x9d699d18,0x9dda0000)
  to   space 21824K, 0% used [0x9b300000,0x9b300000,0x9c850000)
 ParOldGen       total 349568K, used 76K [0x53300000, 0x68860000, 0x93300000)
  object space 349568K, 0% used [0x53300000,0x53313010,0x68860000)
 PSPermGen       total 20992K, used 20982K [0x3b300000, 0x3c780000, 0x53300000)
  object space 20992K, 99% used [0x3b300000,0x3c77d938,0x3c780000)
}
Event: 35.438 GC heap before
{Heap before GC invocations=3 (full 0):
 PSYoungGen      total 152896K, used 145703K [0x93300000, 0x9dda0000, 0xb3300000)
  eden space 131072K, 100% used [0x93300000,0x9b300000,0x9b300000)
  from space 21824K, 67% used [0x9c850000,0x9d699d18,0x9dda0000)
  to   space 21824K, 0% used [0x9b300000,0x9b300000,0x9c850000)
 ParOldGen       total 349568K, used 76K [0x53300000, 0x68860000, 0x93300000)
  object space 349568K, 0% used [0x53300000,0x53313010,0x68860000)
 PSPermGen       total 21120K, used 21089K [0x3b300000, 0x3c7a0000, 0x53300000)
  object space 21120K, 99% used [0x3b300000,0x3c7985e0,0x3c7a0000)
Event: 35.492 GC heap after
Heap after GC invocations=3 (full 0):
 PSYoungGen      total 152896K, used 8875K [0x93300000, 0x9dda0000, 0xb3300000)
  eden space 131072K, 0% used [0x93300000,0x93300000,0x9b300000)
  from space 21824K, 40% used [0x9b300000,0x9bbaaf40,0x9c850000)
  to   space 21824K, 0% used [0x9c850000,0x9c850000,0x9dda0000)
 ParOldGen       total 349568K, used 80K [0x53300000, 0x68860000, 0x93300000)
  object space 349568K, 0% used [0x53300000,0x53314010,0x68860000)
 PSPermGen       total 21120K, used 21089K [0x3b300000, 0x3c7a0000, 0x53300000)
  object space 21120K, 99% used [0x3b300000,0x3c7985e0,0x3c7a0000)
}
Event: 39.207 GC heap before
{Heap before GC invocations=4 (full 0):
 PSYoungGen      total 152896K, used 139947K [0x93300000, 0x9dda0000, 0xb3300000)
  eden space 131072K, 100% used [0x93300000,0x9b300000,0x9b300000)
  from space 21824K, 40% used [0x9b300000,0x9bbaaf40,0x9c850000)
  to   space 21824K, 0% used [0x9c850000,0x9c850000,0x9dda0000)
 ParOldGen       total 349568K, used 80K [0x53300000, 0x68860000, 0x93300000)
  object space 349568K, 0% used [0x53300000,0x53314010,0x68860000)
 PSPermGen       total 21120K, used 21116K [0x3b300000, 0x3c7a0000, 0x53300000)
  object space 21120K, 99% used [0x3b300000,0x3c79f3a0,0x3c7a0000)
Event: 39.279 GC heap after
Heap after GC invocations=4 (full 0):
 PSYoungGen      total 152896K, used 11098K [0x93300000, 0x9dda0000, 0xb3300000)
  eden space 131072K, 0% used [0x93300000,0x93300000,0x9b300000)
  from space 21824K, 50% used [0x9c850000,0x9d326a70,0x9dda0000)
  to   space 21824K, 0% used [0x9b300000,0x9b300000,0x9c850000)
 ParOldGen       total 349568K, used 84K [0x53300000, 0x68860000, 0x93300000)
  object space 349568K, 0% used [0x53300000,0x53315010,0x68860000)
 PSPermGen       total 21120K, used 21116K [0x3b300000, 0x3c7a0000, 0x53300000)
  object space 21120K, 99% used [0x3b300000,0x3c79f3a0,0x3c7a0000)
}
Event: 45.903 GC heap before
{Heap before GC invocations=5 (full 0):
 PSYoungGen      total 152896K, used 142170K [0x93300000, 0x9dda0000, 0xb3300000)
  eden space 131072K, 100% used [0x93300000,0x9b300000,0x9b300000)
  from space 21824K, 50% used [0x9c850000,0x9d326a70,0x9dda0000)
  to   space 21824K, 0% used [0x9b300000,0x9b300000,0x9c850000)
 ParOldGen       total 349568K, used 84K [0x53300000, 0x68860000, 0x93300000)
  object space 349568K, 0% used [0x53300000,0x53315010,0x68860000)
 PSPermGen       total 21248K, used 21171K [0x3b300000, 0x3c7c0000, 0x53300000)
  object space 21248K, 99% used [0x3b300000,0x3c7acc30,0x3c7c0000)
Event: 45.944 GC heap after
Heap after GC invocations=5 (full 0):
 PSYoungGen      total 152896K, used 11167K [0x93300000, 0x9dda0000, 0xb3300000)
  eden space 131072K, 0% used [0x93300000,0x93300000,0x9b300000)
  from space 21824K, 51% used [0x9b300000,0x9bde7c08,0x9c850000)
  to   space 14144K, 0% used [0x9cfd0000,0x9cfd0000,0x9dda0000)
 ParOldGen       total 349568K, used 88K [0x53300000, 0x68860000, 0x93300000)
  object space 349568K, 0% used [0x53300000,0x53316010,0x68860000)
 PSPermGen       total 21248K, used 21171K [0x3b300000, 0x3c7c0000, 0x53300000)
  object space 21248K, 99% used [0x3b300000,0x3c7acc30,0x3c7c0000)
}

