# JRE version: 7.0_25-b30
# Java VM: OpenJDK Server VM (23.7-b01 mixed mode linux-x86 )
Heap
 PSYoungGen      total 152896K, used 152890K [0x93300000, 0x9dda0000, 0xb3300000)
  eden space 131072K, 100% used [0x93300000,0x9b300000,0x9b300000)
  from space 21824K, 99% used [0x9b300000,0x9c84e810,0x9c850000)
  to   space 21824K, 99% used [0x9c850000,0x9dd9f160,0x9dda0000)
 ParOldGen       total 349568K, used 4658K [0x53300000, 0x68860000, 0x93300000)
  object space 349568K, 1% used [0x53300000,0x5378e900,0x68860000)
 PSPermGen       total 41856K, used 41826K [0x3b300000, 0x3dbe0000, 0x53300000)
  object space 41856K, 99% used [0x3b300000,0x3dbd8848,0x3dbe0000)
GC Heap History (7 events):
Event: 12.476 GC heap before
{Heap before GC invocations=1 (full 0):
 PSYoungGen      total 152896K, used 131072K [0x93300000, 0x9dda0000, 0xb3300000)
  eden space 131072K, 100% used [0x93300000,0x9b300000,0x9b300000)
  from space 21824K, 0% used [0x9c850000,0x9c850000,0x9dda0000)
  to   space 21824K, 0% used [0x9b300000,0x9b300000,0x9c850000)
 ParOldGen       total 349568K, used 0K [0x53300000, 0x68860000, 0x93300000)
  object space 349568K, 0% used [0x53300000,0x53300000,0x68860000)
 PSPermGen       total 16384K, used 15621K [0x3b300000, 0x3c300000, 0x53300000)
  object space 16384K, 95% used [0x3b300000,0x3c241658,0x3c300000)
Event: 12.535 GC heap after
Heap after GC invocations=1 (full 0):
 PSYoungGen      total 152896K, used 15619K [0x93300000, 0x9dda0000, 0xb3300000)
  eden space 131072K, 0% used [0x93300000,0x93300000,0x9b300000)
  from space 21824K, 71% used [0x9b300000,0x9c240cc8,0x9c850000)
  to   space 21824K, 0% used [0x9c850000,0x9c850000,0x9dda0000)
 ParOldGen       total 349568K, used 4K [0x53300000, 0x68860000, 0x93300000)
  object space 349568K, 0% used [0x53300000,0x53301000,0x68860000)
 PSPermGen       total 16384K, used 15621K [0x3b300000, 0x3c300000, 0x53300000)
  object space 16384K, 95% used [0x3b300000,0x3c241658,0x3c300000)
}
Event: 18.104 GC heap before
{Heap before GC invocations=2 (full 0):
 PSYoungGen      total 152896K, used 146691K [0x93300000, 0x9dda0000, 0xb3300000)
  eden space 131072K, 100% used [0x93300000,0x9b300000,0x9b300000)
  from space 21824K, 71% used [0x9b300000,0x9c240cc8,0x9c850000)
  to   space 21824K, 0% used [0x9c850000,0x9c850000,0x9dda0000)
 ParOldGen       total 349568K, used 4K [0x53300000, 0x68860000, 0x93300000)
  object space 349568K, 0% used [0x53300000,0x53301000,0x68860000)
 PSPermGen       total 19072K, used 18968K [0x3b300000, 0x3c5a0000, 0x53300000)
  object space 19072K, 99% used [0x3b300000,0x3c586090,0x3c5a0000)
Event: 18.141 GC heap after
Heap after GC invocations=2 (full 0):
 PSYoungGen      total 152896K, used 8653K [0x93300000, 0x9dda0000, 0xb3300000)
  eden space 131072K, 0% used [0x93300000,0x93300000,0x9b300000)
  from space 21824K, 39% used [0x9c850000,0x9d0c3458,0x9dda0000)
  to   space 21824K, 0% used [0x9b300000,0x9b300000,0x9c850000)
 ParOldGen       total 349568K, used 8K [0x53300000, 0x68860000, 0x93300000)
  object space 349568K, 0% used [0x53300000,0x53302000,0x68860000)
 PSPermGen       total 19072K, used 18968K [0x3b300000, 0x3c5a0000, 0x53300000)
  object space 19072K, 99% used [0x3b300000,0x3c586090,0x3c5a0000)
}
Event: 32.423 GC heap before
{Heap before GC invocations=3 (full 0):
 PSYoungGen      total 152896K, used 139725K [0x93300000, 0x9dda0000, 0xb3300000)
  eden space 131072K, 100% used [0x93300000,0x9b300000,0x9b300000)
  from space 21824K, 39% used [0x9c850000,0x9d0c3458,0x9dda0000)
  to   space 21824K, 0% used [0x9b300000,0x9b300000,0x9c850000)
 ParOldGen       total 349568K, used 8K [0x53300000, 0x68860000, 0x93300000)
  object space 349568K, 0% used [0x53300000,0x53302000,0x68860000)
 PSPermGen       total 28672K, used 28661K [0x3b300000, 0x3cf00000, 0x53300000)
  object space 28672K, 99% used [0x3b300000,0x3cefd598,0x3cf00000)
Event: 32.498 GC heap after
Heap after GC invocations=3 (full 0):
 PSYoungGen      total 152896K, used 21818K [0x93300000, 0x9dda0000, 0xb3300000)
  eden space 131072K, 0% used [0x93300000,0x93300000,0x9b300000)
  from space 21824K, 99% used [0x9b300000,0x9c84e810,0x9c850000)
  to   space 21824K, 0% used [0x9c850000,0x9c850000,0x9dda0000)
 ParOldGen       total 349568K, used 520K [0x53300000, 0x68860000, 0x93300000)
  object space 349568K, 0% used [0x53300000,0x533820b0,0x68860000)
 PSPermGen       total 28672K, used 28661K [0x3b300000, 0x3cf00000, 0x53300000)
  object space 28672K, 99% used [0x3b300000,0x3cefd598,0x3cf00000)
}
Event: 40.454 GC heap before
{Heap before GC invocations=4 (full 0):
 PSYoungGen      total 152896K, used 152890K [0x93300000, 0x9dda0000, 0xb3300000)
  eden space 131072K, 100% used [0x93300000,0x9b300000,0x9b300000)
  from space 21824K, 99% used [0x9b300000,0x9c84e810,0x9c850000)
  to   space 21824K, 0% used [0x9c850000,0x9c850000,0x9dda0000)
 ParOldGen       total 349568K, used 520K [0x53300000, 0x68860000, 0x93300000)
  object space 349568K, 0% used [0x53300000,0x533820b0,0x68860000)
 PSPermGen       total 41856K, used 41826K [0x3b300000, 0x3dbe0000, 0x53300000)
  object space 41856K, 99% used [0x3b300000,0x3dbd8848,0x3dbe0000)

