# JRE version: 7.0_25-b30
# Java VM: OpenJDK Server VM (23.7-b01 mixed mode linux-x86 )
Heap
 PSYoungGen      total 462336K, used 462332K [0x93300000, 0xb3300000, 0xb3300000)
  eden space 400384K, 100% used [0x93300000,0xaba00000,0xaba00000)
  from space 61952K, 99% used [0xaba00000,0xaf67f168,0xaf680000)
  to   space 61952K, 77% used [0xaf680000,0xb25297b0,0xb3300000)
 ParOldGen       total 349568K, used 134635K [0x53300000, 0x68860000, 0x93300000)
  object space 349568K, 38% used [0x53300000,0x5b67ae78,0x68860000)
 PSPermGen       total 72064K, used 71998K [0x3b300000, 0x3f960000, 0x53300000)
  object space 72064K, 99% used [0x3b300000,0x3f94faf0,0x3f960000)
GC Heap History (10 events):
Event: 46.824 GC heap after
Heap after GC invocations=5 (full 0):
 PSYoungGen      total 152896K, used 17200K [0x93300000, 0xa57e0000, 0xb3300000)
  eden space 131072K, 0% used [0x93300000,0x93300000,0x9b300000)
  from space 21824K, 78% used [0x9b300000,0x9c3cc1e0,0x9c850000)
  to   space 18880K, 0% used [0xa4570000,0xa4570000,0xa57e0000)
 ParOldGen       total 349568K, used 84K [0x53300000, 0x68860000, 0x93300000)
  object space 349568K, 0% used [0x53300000,0x53315010,0x68860000)
 PSPermGen       total 22144K, used 22019K [0x3b300000, 0x3c8a0000, 0x53300000)
  object space 22144K, 99% used [0x3b300000,0x3c880f20,0x3c8a0000)
}
Event: 54.252 GC heap before
{Heap before GC invocations=6 (full 0):
 PSYoungGen      total 152896K, used 148272K [0x93300000, 0xa57e0000, 0xb3300000)
  eden space 131072K, 100% used [0x93300000,0x9b300000,0x9b300000)
  from space 21824K, 78% used [0x9b300000,0x9c3cc1e0,0x9c850000)
  to   space 18880K, 0% used [0xa4570000,0xa4570000,0xa57e0000)
 ParOldGen       total 349568K, used 84K [0x53300000, 0x68860000, 0x93300000)
  object space 349568K, 0% used [0x53300000,0x53315010,0x68860000)
 PSPermGen       total 28544K, used 28543K [0x3b300000, 0x3cee0000, 0x53300000)
  object space 28544K, 99% used [0x3b300000,0x3cedfed0,0x3cee0000)
Event: 54.557 GC heap after
Heap after GC invocations=6 (full 0):
 PSYoungGen      total 245888K, used 18866K [0x93300000, 0xa9c80000, 0xb3300000)
  eden space 227008K, 0% used [0x93300000,0x93300000,0xa10b0000)
  from space 18880K, 99% used [0xa4570000,0xa57dcab8,0xa57e0000)
  to   space 54016K, 0% used [0xa10b0000,0xa10b0000,0xa4570000)
 ParOldGen       total 349568K, used 58214K [0x53300000, 0x68860000, 0x93300000)
  object space 349568K, 16% used [0x53300000,0x56bd9938,0x68860000)
 PSPermGen       total 28544K, used 28543K [0x3b300000, 0x3cee0000, 0x53300000)
  object space 28544K, 99% used [0x3b300000,0x3cedfed0,0x3cee0000)
}
Event: 136.005 GC heap before
{Heap before GC invocations=7 (full 0):
 PSYoungGen      total 245888K, used 245874K [0x93300000, 0xa9c80000, 0xb3300000)
  eden space 227008K, 100% used [0x93300000,0xa10b0000,0xa10b0000)
  from space 18880K, 99% used [0xa4570000,0xa57dcab8,0xa57e0000)
  to   space 54016K, 0% used [0xa10b0000,0xa10b0000,0xa4570000)
 ParOldGen       total 349568K, used 58214K [0x53300000, 0x68860000, 0x93300000)
  object space 349568K, 16% used [0x53300000,0x56bd9938,0x68860000)
 PSPermGen       total 34944K, used 34907K [0x3b300000, 0x3d520000, 0x53300000)
  object space 34944K, 99% used [0x3b300000,0x3d516cb8,0x3d520000)
Event: 136.211 GC heap after
Heap after GC invocations=7 (full 0):
 PSYoungGen      total 281024K, used 44166K [0x93300000, 0xb3300000, 0xb3300000)
  eden space 227008K, 0% used [0x93300000,0x93300000,0xa10b0000)
  from space 54016K, 81% used [0xa10b0000,0xa3bd18f0,0xa4570000)
  to   space 60224K, 0% used [0xaf830000,0xaf830000,0xb3300000)
 ParOldGen       total 349568K, used 60957K [0x53300000, 0x68860000, 0x93300000)
  object space 349568K, 17% used [0x53300000,0x56e877e8,0x68860000)
 PSPermGen       total 34944K, used 34907K [0x3b300000, 0x3d520000, 0x53300000)
  object space 34944K, 99% used [0x3b300000,0x3d516cb8,0x3d520000)
}
Event: 140.447 GC heap before
{Heap before GC invocations=8 (full 0):
 PSYoungGen      total 281024K, used 271174K [0x93300000, 0xb3300000, 0xb3300000)
  eden space 227008K, 100% used [0x93300000,0xa10b0000,0xa10b0000)
  from space 54016K, 81% used [0xa10b0000,0xa3bd18f0,0xa4570000)
  to   space 60224K, 0% used [0xaf830000,0xaf830000,0xb3300000)
 ParOldGen       total 349568K, used 60957K [0x53300000, 0x68860000, 0x93300000)
  object space 349568K, 17% used [0x53300000,0x56e877e8,0x68860000)
 PSPermGen       total 35072K, used 34955K [0x3b300000, 0x3d540000, 0x53300000)
  object space 35072K, 99% used [0x3b300000,0x3d522cd0,0x3d540000)
Event: 140.619 GC heap after
Heap after GC invocations=8 (full 0):
 PSYoungGen      total 460608K, used 39518K [0x93300000, 0xb3300000, 0xb3300000)
  eden space 400384K, 0% used [0x93300000,0x93300000,0xaba00000)
  from space 60224K, 65% used [0xaf830000,0xb1ec7a48,0xb3300000)
  to   space 61952K, 0% used [0xaba00000,0xaba00000,0xaf680000)
 ParOldGen       total 349568K, used 61009K [0x53300000, 0x68860000, 0x93300000)
  object space 349568K, 17% used [0x53300000,0x56e947e8,0x68860000)
 PSPermGen       total 35072K, used 34955K [0x3b300000, 0x3d540000, 0x53300000)
  object space 35072K, 99% used [0x3b300000,0x3d522cd0,0x3d540000)
}
Event: 226.896 GC heap before
{Heap before GC invocations=9 (full 0):
 PSYoungGen      total 460608K, used 439902K [0x93300000, 0xb3300000, 0xb3300000)
  eden space 400384K, 100% used [0x93300000,0xaba00000,0xaba00000)
  from space 60224K, 65% used [0xaf830000,0xb1ec7a48,0xb3300000)
  to   space 61952K, 0% used [0xaba00000,0xaba00000,0xaf680000)
 ParOldGen       total 349568K, used 61009K [0x53300000, 0x68860000, 0x93300000)
  object space 349568K, 17% used [0x53300000,0x56e947e8,0x68860000)
 PSPermGen       total 61184K, used 61135K [0x3b300000, 0x3eec0000, 0x53300000)
  object space 61184K, 99% used [0x3b300000,0x3eeb3e48,0x3eec0000)
Event: 227.445 GC heap after
Heap after GC invocations=9 (full 0):
 PSYoungGen      total 462336K, used 61948K [0x93300000, 0xb3300000, 0xb3300000)
  eden space 400384K, 0% used [0x93300000,0x93300000,0xaba00000)
  from space 61952K, 99% used [0xaba00000,0xaf67f168,0xaf680000)
  to   space 61952K, 0% used [0xaf680000,0xaf680000,0xb3300000)
 ParOldGen       total 349568K, used 121527K [0x53300000, 0x68860000, 0x93300000)
  object space 349568K, 34% used [0x53300000,0x5a9add20,0x68860000)
 PSPermGen       total 61184K, used 61135K [0x3b300000, 0x3eec0000, 0x53300000)
  object space 61184K, 99% used [0x3b300000,0x3eeb3e48,0x3eec0000)
}
Event: 947.032 GC heap before
{Heap before GC invocations=10 (full 0):
 PSYoungGen      total 462336K, used 462332K [0x93300000, 0xb3300000, 0xb3300000)
  eden space 400384K, 100% used [0x93300000,0xaba00000,0xaba00000)
  from space 61952K, 99% used [0xaba00000,0xaf67f168,0xaf680000)
  to   space 61952K, 0% used [0xaf680000,0xaf680000,0xb3300000)
 ParOldGen       total 349568K, used 121527K [0x53300000, 0x68860000, 0x93300000)
  object space 349568K, 34% used [0x53300000,0x5a9add20,0x68860000)
 PSPermGen       total 72064K, used 71998K [0x3b300000, 0x3f960000, 0x53300000)
  object space 72064K, 99% used [0x3b300000,0x3f94faf0,0x3f960000)

