# JRE version: 7.0_25-b30
# Java VM: OpenJDK Server VM (23.7-b01 mixed mode linux-x86 )
Heap
 PSYoungGen      total 458752K, used 353423K [0x8a190000, 0xaa190000, 0xaa190000)
  eden space 393216K, 79% used [0x8a190000,0x9d2f0038,0xa2190000)
  from space 65536K, 62% used [0xa2190000,0xa4953e48,0xa6190000)
  to   space 65536K, 0% used [0xa6190000,0xa6190000,0xaa190000)
 ParOldGen       total 1048576K, used 84K [0x4a190000, 0x8a190000, 0x8a190000)
  object space 1048576K, 0% used [0x4a190000,0x4a1a5010,0x8a190000)
 PSPermGen       total 61184K, used 61056K [0x32190000, 0x35d50000, 0x4a190000)
  object space 61184K, 99% used [0x32190000,0x35d30310,0x35d50000)
GC Heap History (6 events):
Event: 31.059 GC heap before
{Heap before GC invocations=1 (full 0):
 PSYoungGen      total 458752K, used 393216K [0x8a190000, 0xaa190000, 0xaa190000)
  eden space 393216K, 100% used [0x8a190000,0xa2190000,0xa2190000)
  from space 65536K, 0% used [0xa6190000,0xa6190000,0xaa190000)
  to   space 65536K, 0% used [0xa2190000,0xa2190000,0xa6190000)
 ParOldGen       total 1048576K, used 0K [0x4a190000, 0x8a190000, 0x8a190000)
  object space 1048576K, 0% used [0x4a190000,0x4a190000,0x8a190000)
 PSPermGen       total 23424K, used 23311K [0x32190000, 0x33870000, 0x4a190000)
  object space 23424K, 99% used [0x32190000,0x33853c08,0x33870000)
Event: 31.277 GC heap after
Heap after GC invocations=1 (full 0):
 PSYoungGen      total 458752K, used 55837K [0x8a190000, 0xaa190000, 0xaa190000)
  eden space 393216K, 0% used [0x8a190000,0x8a190000,0xa2190000)
  from space 65536K, 85% used [0xa2190000,0xa5817438,0xa6190000)
  to   space 65536K, 0% used [0xa6190000,0xa6190000,0xaa190000)
 ParOldGen       total 1048576K, used 76K [0x4a190000, 0x8a190000, 0x8a190000)
  object space 1048576K, 0% used [0x4a190000,0x4a1a3010,0x8a190000)
 PSPermGen       total 23424K, used 23311K [0x32190000, 0x33870000, 0x4a190000)
  object space 23424K, 99% used [0x32190000,0x33853c08,0x33870000)
}
Event: 85.133 GC heap before
{Heap before GC invocations=2 (full 0):
 PSYoungGen      total 458752K, used 449053K [0x8a190000, 0xaa190000, 0xaa190000)
  eden space 393216K, 100% used [0x8a190000,0xa2190000,0xa2190000)
  from space 65536K, 85% used [0xa2190000,0xa5817438,0xa6190000)
  to   space 65536K, 0% used [0xa6190000,0xa6190000,0xaa190000)
 ParOldGen       total 1048576K, used 76K [0x4a190000, 0x8a190000, 0x8a190000)
  object space 1048576K, 0% used [0x4a190000,0x4a1a3010,0x8a190000)
 PSPermGen       total 36608K, used 36504K [0x32190000, 0x34550000, 0x4a190000)
  object space 36608K, 99% used [0x32190000,0x34536260,0x34550000)
Event: 85.405 GC heap after
Heap after GC invocations=2 (full 0):
 PSYoungGen      total 458752K, used 28802K [0x8a190000, 0xaa190000, 0xaa190000)
  eden space 393216K, 0% used [0x8a190000,0x8a190000,0xa2190000)
  from space 65536K, 43% used [0xa6190000,0xa7db0b98,0xaa190000)
  to   space 65536K, 0% used [0xa2190000,0xa2190000,0xa6190000)
 ParOldGen       total 1048576K, used 80K [0x4a190000, 0x8a190000, 0x8a190000)
  object space 1048576K, 0% used [0x4a190000,0x4a1a4010,0x8a190000)
 PSPermGen       total 36608K, used 36504K [0x32190000, 0x34550000, 0x4a190000)
  object space 36608K, 99% used [0x32190000,0x34536260,0x34550000)
}
Event: 103.534 GC heap before
{Heap before GC invocations=3 (full 0):
 PSYoungGen      total 458752K, used 422018K [0x8a190000, 0xaa190000, 0xaa190000)
  eden space 393216K, 100% used [0x8a190000,0xa2190000,0xa2190000)
  from space 65536K, 43% used [0xa6190000,0xa7db0b98,0xaa190000)
  to   space 65536K, 0% used [0xa2190000,0xa2190000,0xa6190000)
 ParOldGen       total 1048576K, used 80K [0x4a190000, 0x8a190000, 0x8a190000)
  object space 1048576K, 0% used [0x4a190000,0x4a1a4010,0x8a190000)
 PSPermGen       total 44544K, used 44498K [0x32190000, 0x34d10000, 0x4a190000)
  object space 44544K, 99% used [0x32190000,0x34d049a0,0x34d10000)
Event: 103.725 GC heap after
Heap after GC invocations=3 (full 0):
 PSYoungGen      total 458752K, used 40719K [0x8a190000, 0xaa190000, 0xaa190000)
  eden space 393216K, 0% used [0x8a190000,0x8a190000,0xa2190000)
  from space 65536K, 62% used [0xa2190000,0xa4953e48,0xa6190000)
  to   space 65536K, 0% used [0xa6190000,0xa6190000,0xaa190000)
 ParOldGen       total 1048576K, used 84K [0x4a190000, 0x8a190000, 0x8a190000)
  object space 1048576K, 0% used [0x4a190000,0x4a1a5010,0x8a190000)
 PSPermGen       total 44544K, used 44498K [0x32190000, 0x34d10000, 0x4a190000)
  object space 44544K, 99% used [0x32190000,0x34d049a0,0x34d10000)
}

